2025-04-03 10:03:54,461 - INFO - Starting Sentiment Analysis Pipeline...
2025-04-03 10:03:54,461 - INFO - Loading raw data...
2025-04-03 10:03:54,461 - INFO - Opening Excel Files...
2025-04-03 10:05:50,709 - INFO - Starting Sentiment Analysis Pipeline...
2025-04-03 10:05:50,710 - INFO - Loading raw data...
2025-04-03 10:05:50,710 - INFO - Opening Excel Files...
2025-04-03 10:09:04,916 - INFO - Starting Sentiment Analysis Pipeline...
2025-04-03 10:09:04,917 - INFO - Loading raw data...
2025-04-03 10:09:04,917 - INFO - Opening Excel Files...
2025-04-03 10:12:31,573 - INFO - Starting Sentiment Analysis Pipeline...
2025-04-03 10:12:31,574 - INFO - Loading raw data...
2025-04-03 10:12:31,574 - INFO - Opening Excel Files...
2025-04-03 10:12:31,700 - INFO - Data successfully written to raw_data table.
2025-04-03 10:12:31,700 - INFO - Training the model...
2025-04-03 10:18:23,743 - INFO - Starting Sentiment Analysis Pipeline...
2025-04-03 10:18:23,744 - INFO - Loading raw data...
2025-04-03 10:18:23,744 - INFO - Opening Excel Files...
2025-04-03 10:18:23,870 - INFO - Data successfully written to raw_data table.
2025-04-03 10:18:23,870 - INFO - Training the model...
2025-04-03 10:19:31,347 - INFO - Starting Sentiment Analysis Pipeline...
2025-04-03 10:19:31,347 - INFO - Loading raw data...
2025-04-03 10:19:31,347 - INFO - Opening Excel Files...
2025-04-03 10:19:31,471 - INFO - Data successfully written to raw_data table.
2025-04-03 10:19:31,472 - INFO - Training the model...
2025-04-03 10:20:45,556 - INFO - Starting Sentiment Analysis Pipeline...
2025-04-03 10:20:45,557 - INFO - Loading raw data...
2025-04-03 10:20:45,557 - INFO - Opening Excel Files...
2025-04-03 10:20:45,686 - INFO - Data successfully written to raw_data table.
2025-04-03 10:20:45,686 - INFO - Training the model...
2025-04-03 10:22:41,808 - INFO - Starting Sentiment Analysis Pipeline...
2025-04-03 10:22:41,809 - INFO - Loading raw data...
2025-04-03 10:22:41,809 - INFO - Opening Excel Files...
2025-04-03 10:22:41,933 - INFO - Data successfully written to raw_data table.
2025-04-03 10:22:41,933 - INFO - Training the model...
2025-04-03 10:25:37,485 - INFO - Starting Sentiment Analysis Pipeline...
2025-04-03 10:25:37,485 - INFO - Loading raw data...
2025-04-03 10:25:37,485 - INFO - Opening Excel Files...
2025-04-03 10:25:37,619 - INFO - Data successfully written to raw_data table.
2025-04-03 10:25:37,619 - INFO - Training the model...
2025-04-03 10:52:55,136 - INFO - Starting Sentiment Analysis Pipeline...
2025-04-03 10:52:55,137 - INFO - Loading raw data...
2025-04-03 10:52:55,137 - INFO - Opening Excel Files...
2025-04-03 10:52:55,274 - INFO - Data successfully written to raw_data table.
2025-04-03 10:52:55,274 - INFO - Training the model...
2025-04-03 10:54:33,137 - INFO - Starting Sentiment Analysis Pipeline...
2025-04-03 10:54:33,138 - INFO - Loading raw data...
2025-04-03 10:54:33,138 - INFO - Opening Excel Files...
2025-04-03 10:54:33,257 - INFO - Data successfully written to raw_data table.
2025-04-03 10:54:33,257 - INFO - Training the model...
2025-04-03 10:54:33,269 - INFO - saving linear model...
2025-04-03 10:54:33,270 - INFO - Finito!!
2025-04-03 10:55:41,594 - INFO - Starting Sentiment Analysis Pipeline...
2025-04-03 10:55:41,594 - INFO - Loading raw data...
2025-04-03 10:55:41,594 - INFO - Opening Excel Files...
2025-04-03 10:55:41,732 - INFO - Data successfully written to raw_data table.
2025-04-03 10:55:41,732 - INFO - Training the model...
2025-04-03 10:55:41,737 - INFO - saving linear model...
2025-04-03 10:55:41,737 - INFO - Finito!!
2025-04-03 11:15:42,053 - INFO - Starting Sentiment Analysis Pipeline...
2025-04-03 11:15:42,054 - INFO - Loading raw data...
2025-04-03 11:15:42,054 - INFO - Opening Excel Files...
2025-04-03 11:15:42,195 - INFO - Data successfully written to raw_data table.
2025-04-03 11:15:42,195 - INFO - Training the model...
2025-04-03 11:15:42,214 - INFO - saving linear model...
2025-04-03 11:16:18,961 - INFO - Starting Sentiment Analysis Pipeline...
2025-04-03 11:16:18,962 - INFO - Loading raw data...
2025-04-03 11:16:18,962 - INFO - Opening Excel Files...
2025-04-03 11:16:19,089 - INFO - Data successfully written to raw_data table.
2025-04-03 11:16:19,090 - INFO - Training the model...
2025-04-03 11:16:19,095 - INFO - saving linear model...
2025-04-03 11:16:19,098 - INFO - Finito!!
2025-04-03 11:54:42,948 - INFO - Starting Sentiment Analysis Pipeline...
2025-04-03 11:54:42,948 - INFO - Loading raw data...
2025-04-03 11:54:42,948 - INFO - Opening Excel Files...
2025-04-03 11:54:43,090 - INFO - Data successfully written to raw_data table.
2025-04-03 11:54:43,091 - INFO - Training the model...
2025-04-03 11:57:02,196 - INFO - Starting Sentiment Analysis Pipeline...
2025-04-03 11:57:02,198 - INFO - Loading raw data...
2025-04-03 11:57:02,198 - INFO - Opening Excel Files...
2025-04-03 11:57:02,344 - INFO - Data successfully written to raw_data table.
2025-04-03 11:57:02,344 - INFO - Training the model...
2025-04-03 11:57:02,351 - INFO - saving linear model...
2025-04-03 11:57:02,356 - INFO - Finito!!
2025-04-03 12:00:25,227 - INFO - Starting Sentiment Analysis Pipeline...
2025-04-03 12:00:25,229 - INFO - Loading raw data...
2025-04-03 12:00:25,230 - INFO - Opening Excel Files...
2025-04-03 12:00:25,372 - INFO - Data successfully written to raw_data table.
2025-04-03 12:00:25,372 - INFO - Training the model...
2025-04-03 12:00:25,378 - INFO - saving KNN model...
2025-04-03 12:00:25,381 - INFO - Finito!!
2025-04-03 13:47:17,437 - INFO - Starting Sentiment Analysis Pipeline...
2025-04-03 13:47:17,438 - INFO - Loading raw data...
2025-04-03 13:47:17,438 - INFO - Opening Excel Files...
2025-04-03 13:47:17,583 - INFO - Data successfully written to raw_data table.
2025-04-03 13:47:17,583 - INFO - Training the model...
2025-04-03 13:47:17,590 - INFO - saving KNN model...
2025-04-03 13:47:17,597 - INFO - saving KNN model...
2025-04-03 13:47:17,597 - INFO - Finito!!
2025-04-03 14:22:23,601 - INFO - Starting Sentiment Analysis Pipeline...
2025-04-03 14:22:23,601 - INFO - Loading raw data...
2025-04-03 14:22:23,601 - INFO - Opening Excel Files...
2025-04-03 14:22:23,742 - INFO - Data successfully written to raw_data table.
2025-04-03 14:22:23,742 - INFO - Training the model...
2025-04-03 14:22:23,749 - INFO - saving KNN model...
2025-04-03 14:22:23,754 - INFO - saving KNN model...
2025-04-03 14:22:23,755 - INFO - Finito!!
2025-04-03 14:51:22,948 - INFO - Starting Sentiment Analysis Pipeline...
2025-04-03 14:51:22,949 - INFO - Loading raw data...
2025-04-03 14:51:22,949 - INFO - Opening Excel Files...
2025-04-03 14:51:23,086 - INFO - Data successfully written to raw_data table.
2025-04-03 14:51:23,086 - INFO - Training the model...
2025-04-03 14:51:23,093 - INFO - saving KNN model...
2025-04-03 14:51:23,099 - INFO - saving KNN model...
2025-04-03 14:51:23,099 - INFO - Finito!!
2025-04-03 14:53:26,142 - INFO - Starting Sentiment Analysis Pipeline...
2025-04-03 14:53:26,143 - INFO - Loading raw data...
2025-04-03 14:53:26,143 - INFO - Opening Excel Files...
2025-04-03 14:53:26,263 - INFO - Data successfully written to raw_data table.
2025-04-03 14:53:26,263 - INFO - Training the model...
2025-04-03 14:53:26,268 - INFO - saving KNN model...
2025-04-03 14:53:26,273 - INFO - saving KNN model...
2025-04-03 14:53:26,274 - INFO - Finito!!
2025-04-03 14:54:52,401 - INFO - Starting Sentiment Analysis Pipeline...
2025-04-03 14:54:52,401 - INFO - Loading raw data...
2025-04-03 14:54:52,401 - INFO - Opening Excel Files...
2025-04-03 14:54:52,514 - INFO - Data successfully written to raw_data table.
2025-04-03 14:54:52,514 - INFO - Training the model...
2025-04-03 14:54:52,518 - INFO - saving KNN model...
2025-04-03 14:54:52,522 - INFO - saving KNN model...
2025-04-03 14:54:52,523 - INFO - Finito!!
2025-04-03 14:57:42,453 - INFO - Starting Sentiment Analysis Pipeline...
2025-04-03 14:57:42,454 - INFO - Loading raw data...
2025-04-03 14:57:42,454 - INFO - Opening Excel Files...
2025-04-03 14:57:42,583 - INFO - Data successfully written to raw_data table.
2025-04-03 14:57:42,583 - INFO - Training the model...
2025-04-03 14:57:42,587 - INFO - saving KNN model...
2025-04-03 14:57:42,592 - INFO - saving KNN model...
2025-04-03 14:57:42,593 - INFO - Finito!!
